<?xml version="1.0" encoding="UTF-8"?>
<!-- Generated by org.testng.reporters.JUnitReportReporter -->
<testsuite hostname="LAPTOP-94T71VHN" failures="0" tests="1" name="Module_1_LoginTest.TC1_SwagLabLoginTest" time="6.940" errors="0" timestamp="2023-11-27T13:47:08 IST" skipped="0">
  <testcase classname="Module_1_LoginTest.TC1_SwagLabLoginTest" name="verifyTitle" time="6.940"/>
</testsuite> <!-- Module_1_LoginTest.TC1_SwagLabLoginTest -->
